{"numTotalTestSuites":53,"numPassedTestSuites":36,"numFailedTestSuites":17,"numPendingTestSuites":0,"numTotalTests":101,"numPassedTests":80,"numFailedTests":21,"numPendingTests":0,"numTodoTests":0,"snapshot":{"added":0,"failure":false,"filesAdded":0,"filesRemoved":0,"filesRemovedList":[],"filesUnmatched":0,"filesUpdated":0,"matched":0,"total":0,"unchecked":0,"uncheckedKeysByFile":[],"unmatched":0,"updated":0,"didUpdate":false},"startTime":1754336102539,"success":false,"testResults":[{"assertionResults":[{"ancestorTitles":["CLI Workflow E2E Tests","Complete Project Lifecycle"],"fullName":"CLI Workflow E2E Tests Complete Project Lifecycle should create, develop, and build a complete project","status":"passed","title":"should create, develop, and build a complete project","duration":2.795082999999977,"failureMessages":[],"meta":{}},{"ancestorTitles":["CLI Workflow E2E Tests","Complete Project Lifecycle"],"fullName":"CLI Workflow E2E Tests Complete Project Lifecycle should handle development workflow with hot reload","status":"passed","title":"should handle development workflow with hot reload","duration":0.4179999999998927,"failureMessages":[],"meta":{}},{"ancestorTitles":["CLI Workflow E2E Tests","Complete Project Lifecycle"],"fullName":"CLI Workflow E2E Tests Complete Project Lifecycle should handle error scenarios gracefully","status":"passed","title":"should handle error scenarios gracefully","duration":0.2493329999999787,"failureMessages":[],"meta":{}},{"ancestorTitles":["CLI Workflow E2E Tests","Plugin Ecosystem Workflow"],"fullName":"CLI Workflow E2E Tests Plugin Ecosystem Workflow should install, configure, and use multiple plugins","status":"passed","title":"should install, configure, and use multiple plugins","duration":0.43162500000005366,"failureMessages":[],"meta":{}},{"ancestorTitles":["CLI Workflow E2E Tests","Plugin Ecosystem Workflow"],"fullName":"CLI Workflow E2E Tests Plugin Ecosystem Workflow should handle plugin conflicts and dependencies","status":"passed","title":"should handle plugin conflicts and dependencies","duration":0.2988750000000664,"failureMessages":[],"meta":{}},{"ancestorTitles":["CLI Workflow E2E Tests","Database Migration Workflow"],"fullName":"CLI Workflow E2E Tests Database Migration Workflow should handle complex migration scenarios","status":"passed","title":"should handle complex migration scenarios","duration":0.4912499999999227,"failureMessages":[],"meta":{}},{"ancestorTitles":["CLI Workflow E2E Tests","Performance and Monitoring"],"fullName":"CLI Workflow E2E Tests Performance and Monitoring should collect and report performance metrics","status":"passed","title":"should collect and report performance metrics","duration":1.2900410000000875,"failureMessages":[],"meta":{}},{"ancestorTitles":["CLI Workflow E2E Tests","Security and Audit"],"fullName":"CLI Workflow E2E Tests Security and Audit should maintain security audit logs","status":"passed","title":"should maintain security audit logs","duration":0.29016599999999926,"failureMessages":[],"meta":{}},{"ancestorTitles":["CLI Workflow E2E Tests","Cleanup and Teardown"],"fullName":"CLI Workflow E2E Tests Cleanup and Teardown should properly cleanup resources on exit","status":"passed","title":"should properly cleanup resources on exit","duration":0.43775000000005093,"failureMessages":[],"meta":{}}],"startTime":1754336102764,"endTime":1754336102771.4377,"status":"passed","message":"","name":"/Users/johnclever/Jay/projects/lorm/packages/@lorm/cli/tests/e2e/cli-workflow.test.ts"},{"assertionResults":[{"ancestorTitles":["CLI Commands Integration","init command"],"fullName":"CLI Commands Integration init command should initialize a new LORM project","status":"passed","title":"should initialize a new LORM project","duration":1.9575829999999996,"failureMessages":[],"meta":{}},{"ancestorTitles":["CLI Commands Integration","init command"],"fullName":"CLI Commands Integration init command should handle existing project directory","status":"passed","title":"should handle existing project directory","duration":0.7548339999999598,"failureMessages":[],"meta":{}},{"ancestorTitles":["CLI Commands Integration","init command"],"fullName":"CLI Commands Integration init command should create project structure with templates","status":"passed","title":"should create project structure with templates","duration":0.23991699999999128,"failureMessages":[],"meta":{}},{"ancestorTitles":["CLI Commands Integration","dev command"],"fullName":"CLI Commands Integration dev command should start development server","status":"passed","title":"should start development server","duration":0.2549579999999878,"failureMessages":[],"meta":{}},{"ancestorTitles":["CLI Commands Integration","dev command"],"fullName":"CLI Commands Integration dev command should handle missing config file","status":"passed","title":"should handle missing config file","duration":0.24633399999993344,"failureMessages":[],"meta":{}},{"ancestorTitles":["CLI Commands Integration","dev command"],"fullName":"CLI Commands Integration dev command should validate config before starting dev server","status":"passed","title":"should validate config before starting dev server","duration":0.157416000000012,"failureMessages":[],"meta":{}},{"ancestorTitles":["CLI Commands Integration","build command"],"fullName":"CLI Commands Integration build command should build project for production","status":"passed","title":"should build project for production","duration":0.3219169999999849,"failureMessages":[],"meta":{}},{"ancestorTitles":["CLI Commands Integration","build command"],"fullName":"CLI Commands Integration build command should optimize build for production","status":"passed","title":"should optimize build for production","duration":0.11708299999997962,"failureMessages":[],"meta":{}},{"ancestorTitles":["CLI Commands Integration","build command"],"fullName":"CLI Commands Integration build command should generate build report","status":"passed","title":"should generate build report","duration":0.31083300000000236,"failureMessages":[],"meta":{}},{"ancestorTitles":["CLI Commands Integration","migrate command"],"fullName":"CLI Commands Integration migrate command should run database migrations","status":"passed","title":"should run database migrations","duration":0.1951250000000755,"failureMessages":[],"meta":{}},{"ancestorTitles":["CLI Commands Integration","migrate command"],"fullName":"CLI Commands Integration migrate command should rollback migrations","status":"passed","title":"should rollback migrations","duration":0.9240409999999883,"failureMessages":[],"meta":{}},{"ancestorTitles":["CLI Commands Integration","migrate command"],"fullName":"CLI Commands Integration migrate command should generate new migration","status":"passed","title":"should generate new migration","duration":0.23545799999999417,"failureMessages":[],"meta":{}},{"ancestorTitles":["CLI Commands Integration","plugin command"],"fullName":"CLI Commands Integration plugin command should install plugin","status":"passed","title":"should install plugin","duration":0.15687500000001364,"failureMessages":[],"meta":{}},{"ancestorTitles":["CLI Commands Integration","plugin command"],"fullName":"CLI Commands Integration plugin command should list available plugins","status":"passed","title":"should list available plugins","duration":0.2759170000000495,"failureMessages":[],"meta":{}},{"ancestorTitles":["CLI Commands Integration","plugin command"],"fullName":"CLI Commands Integration plugin command should uninstall plugin","status":"passed","title":"should uninstall plugin","duration":0.17899999999997362,"failureMessages":[],"meta":{}},{"ancestorTitles":["CLI Commands Integration","error handling"],"fullName":"CLI Commands Integration error handling should handle command execution errors","status":"passed","title":"should handle command execution errors","duration":0.19666700000004766,"failureMessages":[],"meta":{}},{"ancestorTitles":["CLI Commands Integration","error handling"],"fullName":"CLI Commands Integration error handling should handle file system errors gracefully","status":"passed","title":"should handle file system errors gracefully","duration":0.1757910000000038,"failureMessages":[],"meta":{}},{"ancestorTitles":["CLI Commands Integration","error handling"],"fullName":"CLI Commands Integration error handling should validate command arguments","status":"passed","title":"should validate command arguments","duration":0.13945799999999053,"failureMessages":[],"meta":{}}],"startTime":1754336102760,"endTime":1754336102767.1968,"status":"passed","message":"","name":"/Users/johnclever/Jay/projects/lorm/packages/@lorm/cli/tests/integration/cli-commands.test.ts"},{"assertionResults":[{"ancestorTitles":["Plugin Architecture Improvements"],"fullName":"Plugin Architecture Improvements should have basic test infrastructure working","status":"passed","title":"should have basic test infrastructure working","duration":1.0467920000000959,"failureMessages":[],"meta":{}},{"ancestorTitles":["Plugin Architecture Improvements"],"fullName":"Plugin Architecture Improvements should be able to create simple plugin objects","status":"passed","title":"should be able to create simple plugin objects","duration":0.21391700000003766,"failureMessages":[],"meta":{}},{"ancestorTitles":["Plugin Architecture Improvements"],"fullName":"Plugin Architecture Improvements should support plugin commands structure","status":"passed","title":"should support plugin commands structure","duration":0.5884169999999358,"failureMessages":[],"meta":{}},{"ancestorTitles":["Plugin Architecture Improvements"],"fullName":"Plugin Architecture Improvements should support plugin hooks structure","status":"passed","title":"should support plugin hooks structure","duration":0.22833300000002055,"failureMessages":[],"meta":{}},{"ancestorTitles":["Plugin Architecture Improvements"],"fullName":"Plugin Architecture Improvements should support lifecycle methods","status":"passed","title":"should support lifecycle methods","duration":0.15304199999991397,"failureMessages":[],"meta":{}}],"startTime":1754336103087,"endTime":1754336103089.2283,"status":"passed","message":"","name":"/Users/johnclever/Jay/projects/lorm/packages/@lorm/cli/tests/plugins/basic-test.test.ts"},{"assertionResults":[{"ancestorTitles":["Simple Plugin Interface","SimplePlugin Creation"],"fullName":"Simple Plugin Interface SimplePlugin Creation should create a simple plugin with minimal configuration","status":"passed","title":"should create a simple plugin with minimal configuration","duration":1.0360840000000735,"failureMessages":[],"meta":{}},{"ancestorTitles":["Simple Plugin Interface","SimplePlugin Creation"],"fullName":"Simple Plugin Interface SimplePlugin Creation should create a simple plugin with commands","status":"passed","title":"should create a simple plugin with commands","duration":0.5646670000000995,"failureMessages":[],"meta":{}},{"ancestorTitles":["Simple Plugin Interface","SimplePlugin Creation"],"fullName":"Simple Plugin Interface SimplePlugin Creation should create a simple plugin with hooks","status":"passed","title":"should create a simple plugin with hooks","duration":0.2126659999998992,"failureMessages":[],"meta":{}},{"ancestorTitles":["Simple Plugin Interface","SimplePlugin Creation"],"fullName":"Simple Plugin Interface SimplePlugin Creation should create a simple plugin with lifecycle methods","status":"passed","title":"should create a simple plugin with lifecycle methods","duration":0.20545799999990777,"failureMessages":[],"meta":{}},{"ancestorTitles":["Simple Plugin Interface","SimplePluginBuilder"],"fullName":"Simple Plugin Interface SimplePluginBuilder should build a plugin using fluent API","status":"failed","title":"should build a plugin using fluent API","duration":3.4644590000000335,"failureMessages":["TypeError: (intermediate value).name is not a function\n    at /Users/johnclever/Jay/projects/lorm/packages/@lorm/cli/tests/plugins/simple-plugin.test.ts:102:10\n    at file:///Users/johnclever/Jay/projects/lorm/node_modules/.pnpm/@vitest+runner@3.2.4/node_modules/@vitest/runner/dist/chunk-hooks.js:155:11\n    at file:///Users/johnclever/Jay/projects/lorm/node_modules/.pnpm/@vitest+runner@3.2.4/node_modules/@vitest/runner/dist/chunk-hooks.js:752:26\n    at file:///Users/johnclever/Jay/projects/lorm/node_modules/.pnpm/@vitest+runner@3.2.4/node_modules/@vitest/runner/dist/chunk-hooks.js:1897:20\n    at new Promise (<anonymous>)\n    at runWithTimeout (file:///Users/johnclever/Jay/projects/lorm/node_modules/.pnpm/@vitest+runner@3.2.4/node_modules/@vitest/runner/dist/chunk-hooks.js:1863:10)\n    at runTest (file:///Users/johnclever/Jay/projects/lorm/node_modules/.pnpm/@vitest+runner@3.2.4/node_modules/@vitest/runner/dist/chunk-hooks.js:1574:12)\n    at runSuite (file:///Users/johnclever/Jay/projects/lorm/node_modules/.pnpm/@vitest+runner@3.2.4/node_modules/@vitest/runner/dist/chunk-hooks.js:1729:8)\n    at runSuite (file:///Users/johnclever/Jay/projects/lorm/node_modules/.pnpm/@vitest+runner@3.2.4/node_modules/@vitest/runner/dist/chunk-hooks.js:1729:8)\n    at runSuite (file:///Users/johnclever/Jay/projects/lorm/node_modules/.pnpm/@vitest+runner@3.2.4/node_modules/@vitest/runner/dist/chunk-hooks.js:1729:8)"],"meta":{}},{"ancestorTitles":["Simple Plugin Interface","SimplePluginBuilder"],"fullName":"Simple Plugin Interface SimplePluginBuilder should allow chaining multiple commands and hooks","status":"failed","title":"should allow chaining multiple commands and hooks","duration":0.3094579999999496,"failureMessages":["TypeError: (intermediate value).name is not a function\n    at /Users/johnclever/Jay/projects/lorm/packages/@lorm/cli/tests/plugins/simple-plugin.test.ts:124:10\n    at file:///Users/johnclever/Jay/projects/lorm/node_modules/.pnpm/@vitest+runner@3.2.4/node_modules/@vitest/runner/dist/chunk-hooks.js:155:11\n    at file:///Users/johnclever/Jay/projects/lorm/node_modules/.pnpm/@vitest+runner@3.2.4/node_modules/@vitest/runner/dist/chunk-hooks.js:752:26\n    at file:///Users/johnclever/Jay/projects/lorm/node_modules/.pnpm/@vitest+runner@3.2.4/node_modules/@vitest/runner/dist/chunk-hooks.js:1897:20\n    at new Promise (<anonymous>)\n    at runWithTimeout (file:///Users/johnclever/Jay/projects/lorm/node_modules/.pnpm/@vitest+runner@3.2.4/node_modules/@vitest/runner/dist/chunk-hooks.js:1863:10)\n    at runTest (file:///Users/johnclever/Jay/projects/lorm/node_modules/.pnpm/@vitest+runner@3.2.4/node_modules/@vitest/runner/dist/chunk-hooks.js:1574:12)\n    at runSuite (file:///Users/johnclever/Jay/projects/lorm/node_modules/.pnpm/@vitest+runner@3.2.4/node_modules/@vitest/runner/dist/chunk-hooks.js:1729:8)\n    at runSuite (file:///Users/johnclever/Jay/projects/lorm/node_modules/.pnpm/@vitest+runner@3.2.4/node_modules/@vitest/runner/dist/chunk-hooks.js:1729:8)\n    at runSuite (file:///Users/johnclever/Jay/projects/lorm/node_modules/.pnpm/@vitest+runner@3.2.4/node_modules/@vitest/runner/dist/chunk-hooks.js:1729:8)"],"meta":{}},{"ancestorTitles":["Simple Plugin Interface","createSimplePlugin Factory"],"fullName":"Simple Plugin Interface createSimplePlugin Factory should create a plugin using factory function","status":"failed","title":"should create a plugin using factory function","duration":1.1999160000000302,"failureMessages":["AssertionError: expected undefined to be 'factory-plugin' // Object.is equality\n    at /Users/johnclever/Jay/projects/lorm/packages/@lorm/cli/tests/plugins/simple-plugin.test.ts:167:27\n    at file:///Users/johnclever/Jay/projects/lorm/node_modules/.pnpm/@vitest+runner@3.2.4/node_modules/@vitest/runner/dist/chunk-hooks.js:155:11\n    at file:///Users/johnclever/Jay/projects/lorm/node_modules/.pnpm/@vitest+runner@3.2.4/node_modules/@vitest/runner/dist/chunk-hooks.js:752:26\n    at file:///Users/johnclever/Jay/projects/lorm/node_modules/.pnpm/@vitest+runner@3.2.4/node_modules/@vitest/runner/dist/chunk-hooks.js:1897:20\n    at new Promise (<anonymous>)\n    at runWithTimeout (file:///Users/johnclever/Jay/projects/lorm/node_modules/.pnpm/@vitest+runner@3.2.4/node_modules/@vitest/runner/dist/chunk-hooks.js:1863:10)\n    at runTest (file:///Users/johnclever/Jay/projects/lorm/node_modules/.pnpm/@vitest+runner@3.2.4/node_modules/@vitest/runner/dist/chunk-hooks.js:1574:12)\n    at runSuite (file:///Users/johnclever/Jay/projects/lorm/node_modules/.pnpm/@vitest+runner@3.2.4/node_modules/@vitest/runner/dist/chunk-hooks.js:1729:8)\n    at runSuite (file:///Users/johnclever/Jay/projects/lorm/node_modules/.pnpm/@vitest+runner@3.2.4/node_modules/@vitest/runner/dist/chunk-hooks.js:1729:8)\n    at runSuite (file:///Users/johnclever/Jay/projects/lorm/node_modules/.pnpm/@vitest+runner@3.2.4/node_modules/@vitest/runner/dist/chunk-hooks.js:1729:8)"],"meta":{}},{"ancestorTitles":["Simple Plugin Interface","Plugin Conversion"],"fullName":"Simple Plugin Interface Plugin Conversion should detect simple plugins correctly","status":"failed","title":"should detect simple plugins correctly","duration":0.9294170000000577,"failureMessages":["AssertionError: expected true to be false // Object.is equality\n    at /Users/johnclever/Jay/projects/lorm/packages/@lorm/cli/tests/plugins/simple-plugin.test.ts:191:45\n    at file:///Users/johnclever/Jay/projects/lorm/node_modules/.pnpm/@vitest+runner@3.2.4/node_modules/@vitest/runner/dist/chunk-hooks.js:155:11\n    at file:///Users/johnclever/Jay/projects/lorm/node_modules/.pnpm/@vitest+runner@3.2.4/node_modules/@vitest/runner/dist/chunk-hooks.js:752:26\n    at file:///Users/johnclever/Jay/projects/lorm/node_modules/.pnpm/@vitest+runner@3.2.4/node_modules/@vitest/runner/dist/chunk-hooks.js:1897:20\n    at new Promise (<anonymous>)\n    at runWithTimeout (file:///Users/johnclever/Jay/projects/lorm/node_modules/.pnpm/@vitest+runner@3.2.4/node_modules/@vitest/runner/dist/chunk-hooks.js:1863:10)\n    at runTest (file:///Users/johnclever/Jay/projects/lorm/node_modules/.pnpm/@vitest+runner@3.2.4/node_modules/@vitest/runner/dist/chunk-hooks.js:1574:12)\n    at runSuite (file:///Users/johnclever/Jay/projects/lorm/node_modules/.pnpm/@vitest+runner@3.2.4/node_modules/@vitest/runner/dist/chunk-hooks.js:1729:8)\n    at runSuite (file:///Users/johnclever/Jay/projects/lorm/node_modules/.pnpm/@vitest+runner@3.2.4/node_modules/@vitest/runner/dist/chunk-hooks.js:1729:8)\n    at runSuite (file:///Users/johnclever/Jay/projects/lorm/node_modules/.pnpm/@vitest+runner@3.2.4/node_modules/@vitest/runner/dist/chunk-hooks.js:1729:8)"],"meta":{}},{"ancestorTitles":["Simple Plugin Interface","Plugin Conversion"],"fullName":"Simple Plugin Interface Plugin Conversion should convert simple plugin to full plugin","status":"failed","title":"should convert simple plugin to full plugin","duration":0.491416000000072,"failureMessages":["AssertionError: expected undefined to be defined\n    at /Users/johnclever/Jay/projects/lorm/packages/@lorm/cli/tests/plugins/simple-plugin.test.ts:212:35\n    at file:///Users/johnclever/Jay/projects/lorm/node_modules/.pnpm/@vitest+runner@3.2.4/node_modules/@vitest/runner/dist/chunk-hooks.js:155:11\n    at file:///Users/johnclever/Jay/projects/lorm/node_modules/.pnpm/@vitest+runner@3.2.4/node_modules/@vitest/runner/dist/chunk-hooks.js:752:26\n    at file:///Users/johnclever/Jay/projects/lorm/node_modules/.pnpm/@vitest+runner@3.2.4/node_modules/@vitest/runner/dist/chunk-hooks.js:1897:20\n    at new Promise (<anonymous>)\n    at runWithTimeout (file:///Users/johnclever/Jay/projects/lorm/node_modules/.pnpm/@vitest+runner@3.2.4/node_modules/@vitest/runner/dist/chunk-hooks.js:1863:10)\n    at runTest (file:///Users/johnclever/Jay/projects/lorm/node_modules/.pnpm/@vitest+runner@3.2.4/node_modules/@vitest/runner/dist/chunk-hooks.js:1574:12)\n    at runSuite (file:///Users/johnclever/Jay/projects/lorm/node_modules/.pnpm/@vitest+runner@3.2.4/node_modules/@vitest/runner/dist/chunk-hooks.js:1729:8)\n    at runSuite (file:///Users/johnclever/Jay/projects/lorm/node_modules/.pnpm/@vitest+runner@3.2.4/node_modules/@vitest/runner/dist/chunk-hooks.js:1729:8)\n    at runSuite (file:///Users/johnclever/Jay/projects/lorm/node_modules/.pnpm/@vitest+runner@3.2.4/node_modules/@vitest/runner/dist/chunk-hooks.js:1729:8)"],"meta":{}},{"ancestorTitles":["Performance Optimizations","PerformanceManager"],"fullName":"Performance Optimizations PerformanceManager should initialize with correct configuration","status":"failed","title":"should initialize with correct configuration","duration":0.43250000000011823,"failureMessages":["TypeError: performanceManager.getConfig is not a function\n    at /Users/johnclever/Jay/projects/lorm/packages/@lorm/cli/tests/plugins/simple-plugin.test.ts:240:41\n    at file:///Users/johnclever/Jay/projects/lorm/node_modules/.pnpm/@vitest+runner@3.2.4/node_modules/@vitest/runner/dist/chunk-hooks.js:155:11\n    at file:///Users/johnclever/Jay/projects/lorm/node_modules/.pnpm/@vitest+runner@3.2.4/node_modules/@vitest/runner/dist/chunk-hooks.js:752:26\n    at file:///Users/johnclever/Jay/projects/lorm/node_modules/.pnpm/@vitest+runner@3.2.4/node_modules/@vitest/runner/dist/chunk-hooks.js:1897:20\n    at new Promise (<anonymous>)\n    at runWithTimeout (file:///Users/johnclever/Jay/projects/lorm/node_modules/.pnpm/@vitest+runner@3.2.4/node_modules/@vitest/runner/dist/chunk-hooks.js:1863:10)\n    at runTest (file:///Users/johnclever/Jay/projects/lorm/node_modules/.pnpm/@vitest+runner@3.2.4/node_modules/@vitest/runner/dist/chunk-hooks.js:1574:12)\n    at runSuite (file:///Users/johnclever/Jay/projects/lorm/node_modules/.pnpm/@vitest+runner@3.2.4/node_modules/@vitest/runner/dist/chunk-hooks.js:1729:8)\n    at runSuite (file:///Users/johnclever/Jay/projects/lorm/node_modules/.pnpm/@vitest+runner@3.2.4/node_modules/@vitest/runner/dist/chunk-hooks.js:1729:8)\n    at runSuite (file:///Users/johnclever/Jay/projects/lorm/node_modules/.pnpm/@vitest+runner@3.2.4/node_modules/@vitest/runner/dist/chunk-hooks.js:1729:8)","TypeError: performanceManager.cleanup is not a function\n    at /Users/johnclever/Jay/projects/lorm/packages/@lorm/cli/tests/plugins/simple-plugin.test.ts:235:24\n    at file:///Users/johnclever/Jay/projects/lorm/node_modules/.pnpm/@vitest+runner@3.2.4/node_modules/@vitest/runner/dist/chunk-hooks.js:155:11\n    at file:///Users/johnclever/Jay/projects/lorm/node_modules/.pnpm/@vitest+runner@3.2.4/node_modules/@vitest/runner/dist/chunk-hooks.js:1897:20\n    at new Promise (<anonymous>)\n    at runWithTimeout (file:///Users/johnclever/Jay/projects/lorm/node_modules/.pnpm/@vitest+runner@3.2.4/node_modules/@vitest/runner/dist/chunk-hooks.js:1863:10)\n    at runHook (file:///Users/johnclever/Jay/projects/lorm/node_modules/.pnpm/@vitest+runner@3.2.4/node_modules/@vitest/runner/dist/chunk-hooks.js:1436:51)\n    at callSuiteHook (file:///Users/johnclever/Jay/projects/lorm/node_modules/.pnpm/@vitest+runner@3.2.4/node_modules/@vitest/runner/dist/chunk-hooks.js:1442:25)\n    at callSuiteHook (file:///Users/johnclever/Jay/projects/lorm/node_modules/.pnpm/@vitest+runner@3.2.4/node_modules/@vitest/runner/dist/chunk-hooks.js:1449:27)\n    at runTest (file:///Users/johnclever/Jay/projects/lorm/node_modules/.pnpm/@vitest+runner@3.2.4/node_modules/@vitest/runner/dist/chunk-hooks.js:1597:11)\n    at runSuite (file:///Users/johnclever/Jay/projects/lorm/node_modules/.pnpm/@vitest+runner@3.2.4/node_modules/@vitest/runner/dist/chunk-hooks.js:1729:8)"],"meta":{}},{"ancestorTitles":["Performance Optimizations","PerformanceManager"],"fullName":"Performance Optimizations PerformanceManager should track performance metrics","status":"failed","title":"should track performance metrics","duration":0.8280409999999847,"failureMessages":["AssertionError: expected { loadTimes: Map{}, …(5) } to have property \"totalPlugins\"\n    at /Users/johnclever/Jay/projects/lorm/packages/@lorm/cli/tests/plugins/simple-plugin.test.ts:248:23\n    at file:///Users/johnclever/Jay/projects/lorm/node_modules/.pnpm/@vitest+runner@3.2.4/node_modules/@vitest/runner/dist/chunk-hooks.js:155:11\n    at file:///Users/johnclever/Jay/projects/lorm/node_modules/.pnpm/@vitest+runner@3.2.4/node_modules/@vitest/runner/dist/chunk-hooks.js:752:26\n    at file:///Users/johnclever/Jay/projects/lorm/node_modules/.pnpm/@vitest+runner@3.2.4/node_modules/@vitest/runner/dist/chunk-hooks.js:1897:20\n    at new Promise (<anonymous>)\n    at runWithTimeout (file:///Users/johnclever/Jay/projects/lorm/node_modules/.pnpm/@vitest+runner@3.2.4/node_modules/@vitest/runner/dist/chunk-hooks.js:1863:10)\n    at runTest (file:///Users/johnclever/Jay/projects/lorm/node_modules/.pnpm/@vitest+runner@3.2.4/node_modules/@vitest/runner/dist/chunk-hooks.js:1574:12)\n    at runSuite (file:///Users/johnclever/Jay/projects/lorm/node_modules/.pnpm/@vitest+runner@3.2.4/node_modules/@vitest/runner/dist/chunk-hooks.js:1729:8)\n    at runSuite (file:///Users/johnclever/Jay/projects/lorm/node_modules/.pnpm/@vitest+runner@3.2.4/node_modules/@vitest/runner/dist/chunk-hooks.js:1729:8)\n    at runSuite (file:///Users/johnclever/Jay/projects/lorm/node_modules/.pnpm/@vitest+runner@3.2.4/node_modules/@vitest/runner/dist/chunk-hooks.js:1729:8)","TypeError: performanceManager.cleanup is not a function\n    at /Users/johnclever/Jay/projects/lorm/packages/@lorm/cli/tests/plugins/simple-plugin.test.ts:235:24\n    at file:///Users/johnclever/Jay/projects/lorm/node_modules/.pnpm/@vitest+runner@3.2.4/node_modules/@vitest/runner/dist/chunk-hooks.js:155:11\n    at file:///Users/johnclever/Jay/projects/lorm/node_modules/.pnpm/@vitest+runner@3.2.4/node_modules/@vitest/runner/dist/chunk-hooks.js:1897:20\n    at new Promise (<anonymous>)\n    at runWithTimeout (file:///Users/johnclever/Jay/projects/lorm/node_modules/.pnpm/@vitest+runner@3.2.4/node_modules/@vitest/runner/dist/chunk-hooks.js:1863:10)\n    at runHook (file:///Users/johnclever/Jay/projects/lorm/node_modules/.pnpm/@vitest+runner@3.2.4/node_modules/@vitest/runner/dist/chunk-hooks.js:1436:51)\n    at callSuiteHook (file:///Users/johnclever/Jay/projects/lorm/node_modules/.pnpm/@vitest+runner@3.2.4/node_modules/@vitest/runner/dist/chunk-hooks.js:1442:25)\n    at callSuiteHook (file:///Users/johnclever/Jay/projects/lorm/node_modules/.pnpm/@vitest+runner@3.2.4/node_modules/@vitest/runner/dist/chunk-hooks.js:1449:27)\n    at runTest (file:///Users/johnclever/Jay/projects/lorm/node_modules/.pnpm/@vitest+runner@3.2.4/node_modules/@vitest/runner/dist/chunk-hooks.js:1597:11)\n    at runSuite (file:///Users/johnclever/Jay/projects/lorm/node_modules/.pnpm/@vitest+runner@3.2.4/node_modules/@vitest/runner/dist/chunk-hooks.js:1729:8)"],"meta":{}},{"ancestorTitles":["Performance Optimizations","PerformanceManager"],"fullName":"Performance Optimizations PerformanceManager should emit events on plugin load","status":"failed","title":"should emit events on plugin load","duration":0.24516700000003766,"failureMessages":["TypeError: performanceManager.recordPluginLoad is not a function\n    at /Users/johnclever/Jay/projects/lorm/packages/@lorm/cli/tests/plugins/simple-plugin.test.ts:262:26\n    at file:///Users/johnclever/Jay/projects/lorm/node_modules/.pnpm/@vitest+runner@3.2.4/node_modules/@vitest/runner/dist/chunk-hooks.js:155:11\n    at file:///Users/johnclever/Jay/projects/lorm/node_modules/.pnpm/@vitest+runner@3.2.4/node_modules/@vitest/runner/dist/chunk-hooks.js:752:26\n    at file:///Users/johnclever/Jay/projects/lorm/node_modules/.pnpm/@vitest+runner@3.2.4/node_modules/@vitest/runner/dist/chunk-hooks.js:1897:20\n    at new Promise (<anonymous>)\n    at runWithTimeout (file:///Users/johnclever/Jay/projects/lorm/node_modules/.pnpm/@vitest+runner@3.2.4/node_modules/@vitest/runner/dist/chunk-hooks.js:1863:10)\n    at runTest (file:///Users/johnclever/Jay/projects/lorm/node_modules/.pnpm/@vitest+runner@3.2.4/node_modules/@vitest/runner/dist/chunk-hooks.js:1574:12)\n    at runSuite (file:///Users/johnclever/Jay/projects/lorm/node_modules/.pnpm/@vitest+runner@3.2.4/node_modules/@vitest/runner/dist/chunk-hooks.js:1729:8)\n    at runSuite (file:///Users/johnclever/Jay/projects/lorm/node_modules/.pnpm/@vitest+runner@3.2.4/node_modules/@vitest/runner/dist/chunk-hooks.js:1729:8)\n    at runSuite (file:///Users/johnclever/Jay/projects/lorm/node_modules/.pnpm/@vitest+runner@3.2.4/node_modules/@vitest/runner/dist/chunk-hooks.js:1729:8)","TypeError: performanceManager.cleanup is not a function\n    at /Users/johnclever/Jay/projects/lorm/packages/@lorm/cli/tests/plugins/simple-plugin.test.ts:235:24\n    at file:///Users/johnclever/Jay/projects/lorm/node_modules/.pnpm/@vitest+runner@3.2.4/node_modules/@vitest/runner/dist/chunk-hooks.js:155:11\n    at file:///Users/johnclever/Jay/projects/lorm/node_modules/.pnpm/@vitest+runner@3.2.4/node_modules/@vitest/runner/dist/chunk-hooks.js:1897:20\n    at new Promise (<anonymous>)\n    at runWithTimeout (file:///Users/johnclever/Jay/projects/lorm/node_modules/.pnpm/@vitest+runner@3.2.4/node_modules/@vitest/runner/dist/chunk-hooks.js:1863:10)\n    at runHook (file:///Users/johnclever/Jay/projects/lorm/node_modules/.pnpm/@vitest+runner@3.2.4/node_modules/@vitest/runner/dist/chunk-hooks.js:1436:51)\n    at callSuiteHook (file:///Users/johnclever/Jay/projects/lorm/node_modules/.pnpm/@vitest+runner@3.2.4/node_modules/@vitest/runner/dist/chunk-hooks.js:1442:25)\n    at callSuiteHook (file:///Users/johnclever/Jay/projects/lorm/node_modules/.pnpm/@vitest+runner@3.2.4/node_modules/@vitest/runner/dist/chunk-hooks.js:1449:27)\n    at runTest (file:///Users/johnclever/Jay/projects/lorm/node_modules/.pnpm/@vitest+runner@3.2.4/node_modules/@vitest/runner/dist/chunk-hooks.js:1597:11)\n    at runSuite (file:///Users/johnclever/Jay/projects/lorm/node_modules/.pnpm/@vitest+runner@3.2.4/node_modules/@vitest/runner/dist/chunk-hooks.js:1729:8)"],"meta":{}},{"ancestorTitles":["Performance Optimizations","PerformanceManager"],"fullName":"Performance Optimizations PerformanceManager should manage cache size limits","status":"failed","title":"should manage cache size limits","duration":0.4220419999999194,"failureMessages":["TypeError: performanceManager.getCacheSize is not a function\n    at /Users/johnclever/Jay/projects/lorm/packages/@lorm/cli/tests/plugins/simple-plugin.test.ts:275:44\n    at file:///Users/johnclever/Jay/projects/lorm/node_modules/.pnpm/@vitest+runner@3.2.4/node_modules/@vitest/runner/dist/chunk-hooks.js:155:11\n    at file:///Users/johnclever/Jay/projects/lorm/node_modules/.pnpm/@vitest+runner@3.2.4/node_modules/@vitest/runner/dist/chunk-hooks.js:752:26\n    at file:///Users/johnclever/Jay/projects/lorm/node_modules/.pnpm/@vitest+runner@3.2.4/node_modules/@vitest/runner/dist/chunk-hooks.js:1897:20\n    at new Promise (<anonymous>)\n    at runWithTimeout (file:///Users/johnclever/Jay/projects/lorm/node_modules/.pnpm/@vitest+runner@3.2.4/node_modules/@vitest/runner/dist/chunk-hooks.js:1863:10)\n    at runTest (file:///Users/johnclever/Jay/projects/lorm/node_modules/.pnpm/@vitest+runner@3.2.4/node_modules/@vitest/runner/dist/chunk-hooks.js:1574:12)\n    at runSuite (file:///Users/johnclever/Jay/projects/lorm/node_modules/.pnpm/@vitest+runner@3.2.4/node_modules/@vitest/runner/dist/chunk-hooks.js:1729:8)\n    at runSuite (file:///Users/johnclever/Jay/projects/lorm/node_modules/.pnpm/@vitest+runner@3.2.4/node_modules/@vitest/runner/dist/chunk-hooks.js:1729:8)\n    at runSuite (file:///Users/johnclever/Jay/projects/lorm/node_modules/.pnpm/@vitest+runner@3.2.4/node_modules/@vitest/runner/dist/chunk-hooks.js:1729:8)","TypeError: performanceManager.cleanup is not a function\n    at /Users/johnclever/Jay/projects/lorm/packages/@lorm/cli/tests/plugins/simple-plugin.test.ts:235:24\n    at file:///Users/johnclever/Jay/projects/lorm/node_modules/.pnpm/@vitest+runner@3.2.4/node_modules/@vitest/runner/dist/chunk-hooks.js:155:11\n    at file:///Users/johnclever/Jay/projects/lorm/node_modules/.pnpm/@vitest+runner@3.2.4/node_modules/@vitest/runner/dist/chunk-hooks.js:1897:20\n    at new Promise (<anonymous>)\n    at runWithTimeout (file:///Users/johnclever/Jay/projects/lorm/node_modules/.pnpm/@vitest+runner@3.2.4/node_modules/@vitest/runner/dist/chunk-hooks.js:1863:10)\n    at runHook (file:///Users/johnclever/Jay/projects/lorm/node_modules/.pnpm/@vitest+runner@3.2.4/node_modules/@vitest/runner/dist/chunk-hooks.js:1436:51)\n    at callSuiteHook (file:///Users/johnclever/Jay/projects/lorm/node_modules/.pnpm/@vitest+runner@3.2.4/node_modules/@vitest/runner/dist/chunk-hooks.js:1442:25)\n    at callSuiteHook (file:///Users/johnclever/Jay/projects/lorm/node_modules/.pnpm/@vitest+runner@3.2.4/node_modules/@vitest/runner/dist/chunk-hooks.js:1449:27)\n    at runTest (file:///Users/johnclever/Jay/projects/lorm/node_modules/.pnpm/@vitest+runner@3.2.4/node_modules/@vitest/runner/dist/chunk-hooks.js:1597:11)\n    at runSuite (file:///Users/johnclever/Jay/projects/lorm/node_modules/.pnpm/@vitest+runner@3.2.4/node_modules/@vitest/runner/dist/chunk-hooks.js:1729:8)"],"meta":{}},{"ancestorTitles":["Performance Optimizations","OptimizedPluginLoader"],"fullName":"Performance Optimizations OptimizedPluginLoader should cache loaded plugins","status":"failed","title":"should cache loaded plugins","duration":0.5394160000000738,"failureMessages":["Error: actualLoadPlugin does not exist\n    at assert (file:///Users/johnclever/Jay/projects/lorm/node_modules/.pnpm/tinyspy@4.0.3/node_modules/tinyspy/dist/index.js:4:11)\n    at Module.internalSpyOn (file:///Users/johnclever/Jay/projects/lorm/node_modules/.pnpm/tinyspy@4.0.3/node_modules/tinyspy/dist/index.js:121:3)\n    at Object.spyOn (file:///Users/johnclever/Jay/projects/lorm/node_modules/.pnpm/@vitest+spy@3.2.4/node_modules/@vitest/spy/dist/index.js:21:24)\n    at /Users/johnclever/Jay/projects/lorm/packages/@lorm/cli/tests/plugins/simple-plugin.test.ts:303:10\n    at file:///Users/johnclever/Jay/projects/lorm/node_modules/.pnpm/@vitest+runner@3.2.4/node_modules/@vitest/runner/dist/chunk-hooks.js:155:11\n    at file:///Users/johnclever/Jay/projects/lorm/node_modules/.pnpm/@vitest+runner@3.2.4/node_modules/@vitest/runner/dist/chunk-hooks.js:752:26\n    at file:///Users/johnclever/Jay/projects/lorm/node_modules/.pnpm/@vitest+runner@3.2.4/node_modules/@vitest/runner/dist/chunk-hooks.js:1897:20\n    at new Promise (<anonymous>)\n    at runWithTimeout (file:///Users/johnclever/Jay/projects/lorm/node_modules/.pnpm/@vitest+runner@3.2.4/node_modules/@vitest/runner/dist/chunk-hooks.js:1863:10)\n    at runTest (file:///Users/johnclever/Jay/projects/lorm/node_modules/.pnpm/@vitest+runner@3.2.4/node_modules/@vitest/runner/dist/chunk-hooks.js:1574:12)","TypeError: performanceManager.cleanup is not a function\n    at /Users/johnclever/Jay/projects/lorm/packages/@lorm/cli/tests/plugins/simple-plugin.test.ts:235:24\n    at file:///Users/johnclever/Jay/projects/lorm/node_modules/.pnpm/@vitest+runner@3.2.4/node_modules/@vitest/runner/dist/chunk-hooks.js:155:11\n    at file:///Users/johnclever/Jay/projects/lorm/node_modules/.pnpm/@vitest+runner@3.2.4/node_modules/@vitest/runner/dist/chunk-hooks.js:1897:20\n    at new Promise (<anonymous>)\n    at runWithTimeout (file:///Users/johnclever/Jay/projects/lorm/node_modules/.pnpm/@vitest+runner@3.2.4/node_modules/@vitest/runner/dist/chunk-hooks.js:1863:10)\n    at runHook (file:///Users/johnclever/Jay/projects/lorm/node_modules/.pnpm/@vitest+runner@3.2.4/node_modules/@vitest/runner/dist/chunk-hooks.js:1436:51)\n    at callSuiteHook (file:///Users/johnclever/Jay/projects/lorm/node_modules/.pnpm/@vitest+runner@3.2.4/node_modules/@vitest/runner/dist/chunk-hooks.js:1442:25)\n    at callSuiteHook (file:///Users/johnclever/Jay/projects/lorm/node_modules/.pnpm/@vitest+runner@3.2.4/node_modules/@vitest/runner/dist/chunk-hooks.js:1449:27)\n    at runTest (file:///Users/johnclever/Jay/projects/lorm/node_modules/.pnpm/@vitest+runner@3.2.4/node_modules/@vitest/runner/dist/chunk-hooks.js:1597:11)\n    at runSuite (file:///Users/johnclever/Jay/projects/lorm/node_modules/.pnpm/@vitest+runner@3.2.4/node_modules/@vitest/runner/dist/chunk-hooks.js:1729:8)"],"meta":{}},{"ancestorTitles":["Performance Optimizations","OptimizedPluginLoader"],"fullName":"Performance Optimizations OptimizedPluginLoader should handle lazy loading","status":"failed","title":"should handle lazy loading","duration":0.19554199999993216,"failureMessages":["Error: actualLoadPlugin does not exist\n    at assert (file:///Users/johnclever/Jay/projects/lorm/node_modules/.pnpm/tinyspy@4.0.3/node_modules/tinyspy/dist/index.js:4:11)\n    at Module.internalSpyOn (file:///Users/johnclever/Jay/projects/lorm/node_modules/.pnpm/tinyspy@4.0.3/node_modules/tinyspy/dist/index.js:121:3)\n    at Object.spyOn (file:///Users/johnclever/Jay/projects/lorm/node_modules/.pnpm/@vitest+spy@3.2.4/node_modules/@vitest/spy/dist/index.js:21:24)\n    at /Users/johnclever/Jay/projects/lorm/packages/@lorm/cli/tests/plugins/simple-plugin.test.ts:319:10\n    at file:///Users/johnclever/Jay/projects/lorm/node_modules/.pnpm/@vitest+runner@3.2.4/node_modules/@vitest/runner/dist/chunk-hooks.js:155:11\n    at file:///Users/johnclever/Jay/projects/lorm/node_modules/.pnpm/@vitest+runner@3.2.4/node_modules/@vitest/runner/dist/chunk-hooks.js:752:26\n    at file:///Users/johnclever/Jay/projects/lorm/node_modules/.pnpm/@vitest+runner@3.2.4/node_modules/@vitest/runner/dist/chunk-hooks.js:1897:20\n    at new Promise (<anonymous>)\n    at runWithTimeout (file:///Users/johnclever/Jay/projects/lorm/node_modules/.pnpm/@vitest+runner@3.2.4/node_modules/@vitest/runner/dist/chunk-hooks.js:1863:10)\n    at runTest (file:///Users/johnclever/Jay/projects/lorm/node_modules/.pnpm/@vitest+runner@3.2.4/node_modules/@vitest/runner/dist/chunk-hooks.js:1574:12)","TypeError: performanceManager.cleanup is not a function\n    at /Users/johnclever/Jay/projects/lorm/packages/@lorm/cli/tests/plugins/simple-plugin.test.ts:235:24\n    at file:///Users/johnclever/Jay/projects/lorm/node_modules/.pnpm/@vitest+runner@3.2.4/node_modules/@vitest/runner/dist/chunk-hooks.js:155:11\n    at file:///Users/johnclever/Jay/projects/lorm/node_modules/.pnpm/@vitest+runner@3.2.4/node_modules/@vitest/runner/dist/chunk-hooks.js:1897:20\n    at new Promise (<anonymous>)\n    at runWithTimeout (file:///Users/johnclever/Jay/projects/lorm/node_modules/.pnpm/@vitest+runner@3.2.4/node_modules/@vitest/runner/dist/chunk-hooks.js:1863:10)\n    at runHook (file:///Users/johnclever/Jay/projects/lorm/node_modules/.pnpm/@vitest+runner@3.2.4/node_modules/@vitest/runner/dist/chunk-hooks.js:1436:51)\n    at callSuiteHook (file:///Users/johnclever/Jay/projects/lorm/node_modules/.pnpm/@vitest+runner@3.2.4/node_modules/@vitest/runner/dist/chunk-hooks.js:1442:25)\n    at callSuiteHook (file:///Users/johnclever/Jay/projects/lorm/node_modules/.pnpm/@vitest+runner@3.2.4/node_modules/@vitest/runner/dist/chunk-hooks.js:1449:27)\n    at runTest (file:///Users/johnclever/Jay/projects/lorm/node_modules/.pnpm/@vitest+runner@3.2.4/node_modules/@vitest/runner/dist/chunk-hooks.js:1597:11)\n    at runSuite (file:///Users/johnclever/Jay/projects/lorm/node_modules/.pnpm/@vitest+runner@3.2.4/node_modules/@vitest/runner/dist/chunk-hooks.js:1729:8)"],"meta":{}},{"ancestorTitles":["Plugin Testing Framework","PluginTestSuite"],"fullName":"Plugin Testing Framework PluginTestSuite should run validation tests","status":"failed","title":"should run validation tests","duration":0.21116600000004837,"failureMessages":["TypeError: testSuite.runTests is not a function\n    at /Users/johnclever/Jay/projects/lorm/packages/@lorm/cli/tests/plugins/simple-plugin.test.ts:374:38\n    at file:///Users/johnclever/Jay/projects/lorm/node_modules/.pnpm/@vitest+runner@3.2.4/node_modules/@vitest/runner/dist/chunk-hooks.js:155:11\n    at file:///Users/johnclever/Jay/projects/lorm/node_modules/.pnpm/@vitest+runner@3.2.4/node_modules/@vitest/runner/dist/chunk-hooks.js:752:26\n    at file:///Users/johnclever/Jay/projects/lorm/node_modules/.pnpm/@vitest+runner@3.2.4/node_modules/@vitest/runner/dist/chunk-hooks.js:1897:20\n    at new Promise (<anonymous>)\n    at runWithTimeout (file:///Users/johnclever/Jay/projects/lorm/node_modules/.pnpm/@vitest+runner@3.2.4/node_modules/@vitest/runner/dist/chunk-hooks.js:1863:10)\n    at runTest (file:///Users/johnclever/Jay/projects/lorm/node_modules/.pnpm/@vitest+runner@3.2.4/node_modules/@vitest/runner/dist/chunk-hooks.js:1574:12)\n    at runSuite (file:///Users/johnclever/Jay/projects/lorm/node_modules/.pnpm/@vitest+runner@3.2.4/node_modules/@vitest/runner/dist/chunk-hooks.js:1729:8)\n    at runSuite (file:///Users/johnclever/Jay/projects/lorm/node_modules/.pnpm/@vitest+runner@3.2.4/node_modules/@vitest/runner/dist/chunk-hooks.js:1729:8)\n    at runSuite (file:///Users/johnclever/Jay/projects/lorm/node_modules/.pnpm/@vitest+runner@3.2.4/node_modules/@vitest/runner/dist/chunk-hooks.js:1729:8)"],"meta":{}},{"ancestorTitles":["Plugin Testing Framework","PluginTestSuite"],"fullName":"Plugin Testing Framework PluginTestSuite should run functionality tests","status":"failed","title":"should run functionality tests","duration":0.13112499999988358,"failureMessages":["TypeError: testSuite.runTests is not a function\n    at /Users/johnclever/Jay/projects/lorm/packages/@lorm/cli/tests/plugins/simple-plugin.test.ts:388:38\n    at file:///Users/johnclever/Jay/projects/lorm/node_modules/.pnpm/@vitest+runner@3.2.4/node_modules/@vitest/runner/dist/chunk-hooks.js:155:11\n    at file:///Users/johnclever/Jay/projects/lorm/node_modules/.pnpm/@vitest+runner@3.2.4/node_modules/@vitest/runner/dist/chunk-hooks.js:752:26\n    at file:///Users/johnclever/Jay/projects/lorm/node_modules/.pnpm/@vitest+runner@3.2.4/node_modules/@vitest/runner/dist/chunk-hooks.js:1897:20\n    at new Promise (<anonymous>)\n    at runWithTimeout (file:///Users/johnclever/Jay/projects/lorm/node_modules/.pnpm/@vitest+runner@3.2.4/node_modules/@vitest/runner/dist/chunk-hooks.js:1863:10)\n    at runTest (file:///Users/johnclever/Jay/projects/lorm/node_modules/.pnpm/@vitest+runner@3.2.4/node_modules/@vitest/runner/dist/chunk-hooks.js:1574:12)\n    at runSuite (file:///Users/johnclever/Jay/projects/lorm/node_modules/.pnpm/@vitest+runner@3.2.4/node_modules/@vitest/runner/dist/chunk-hooks.js:1729:8)\n    at runSuite (file:///Users/johnclever/Jay/projects/lorm/node_modules/.pnpm/@vitest+runner@3.2.4/node_modules/@vitest/runner/dist/chunk-hooks.js:1729:8)\n    at runSuite (file:///Users/johnclever/Jay/projects/lorm/node_modules/.pnpm/@vitest+runner@3.2.4/node_modules/@vitest/runner/dist/chunk-hooks.js:1729:8)"],"meta":{}},{"ancestorTitles":["Plugin Testing Framework","PluginTestSuite"],"fullName":"Plugin Testing Framework PluginTestSuite should run performance tests","status":"failed","title":"should run performance tests","duration":0.12208299999997507,"failureMessages":["TypeError: testSuite.runTests is not a function\n    at /Users/johnclever/Jay/projects/lorm/packages/@lorm/cli/tests/plugins/simple-plugin.test.ts:402:38\n    at file:///Users/johnclever/Jay/projects/lorm/node_modules/.pnpm/@vitest+runner@3.2.4/node_modules/@vitest/runner/dist/chunk-hooks.js:155:11\n    at file:///Users/johnclever/Jay/projects/lorm/node_modules/.pnpm/@vitest+runner@3.2.4/node_modules/@vitest/runner/dist/chunk-hooks.js:752:26\n    at file:///Users/johnclever/Jay/projects/lorm/node_modules/.pnpm/@vitest+runner@3.2.4/node_modules/@vitest/runner/dist/chunk-hooks.js:1897:20\n    at new Promise (<anonymous>)\n    at runWithTimeout (file:///Users/johnclever/Jay/projects/lorm/node_modules/.pnpm/@vitest+runner@3.2.4/node_modules/@vitest/runner/dist/chunk-hooks.js:1863:10)\n    at runTest (file:///Users/johnclever/Jay/projects/lorm/node_modules/.pnpm/@vitest+runner@3.2.4/node_modules/@vitest/runner/dist/chunk-hooks.js:1574:12)\n    at runSuite (file:///Users/johnclever/Jay/projects/lorm/node_modules/.pnpm/@vitest+runner@3.2.4/node_modules/@vitest/runner/dist/chunk-hooks.js:1729:8)\n    at runSuite (file:///Users/johnclever/Jay/projects/lorm/node_modules/.pnpm/@vitest+runner@3.2.4/node_modules/@vitest/runner/dist/chunk-hooks.js:1729:8)\n    at runSuite (file:///Users/johnclever/Jay/projects/lorm/node_modules/.pnpm/@vitest+runner@3.2.4/node_modules/@vitest/runner/dist/chunk-hooks.js:1729:8)"],"meta":{}},{"ancestorTitles":["Plugin Testing Framework","MockPluginManager"],"fullName":"Plugin Testing Framework MockPluginManager should register and manage mock plugins","status":"failed","title":"should register and manage mock plugins","duration":0.15066700000011224,"failureMessages":["TypeError: mockManager.getRegisteredPlugins is not a function\n    at /Users/johnclever/Jay/projects/lorm/packages/@lorm/cli/tests/plugins/simple-plugin.test.ts:425:35\n    at file:///Users/johnclever/Jay/projects/lorm/node_modules/.pnpm/@vitest+runner@3.2.4/node_modules/@vitest/runner/dist/chunk-hooks.js:752:20"],"meta":{}},{"ancestorTitles":["Plugin Testing Framework","MockPluginManager"],"fullName":"Plugin Testing Framework MockPluginManager should execute plugin commands","status":"passed","title":"should execute plugin commands","duration":0.15879199999994853,"failureMessages":[],"meta":{}},{"ancestorTitles":["Plugin Testing Framework","MockPluginManager"],"fullName":"Plugin Testing Framework MockPluginManager should trigger plugin hooks","status":"failed","title":"should trigger plugin hooks","duration":0.12425000000007458,"failureMessages":["TypeError: mockManager.triggerHook is not a function\n    at /Users/johnclever/Jay/projects/lorm/packages/@lorm/cli/tests/plugins/simple-plugin.test.ts:450:25\n    at file:///Users/johnclever/Jay/projects/lorm/node_modules/.pnpm/@vitest+runner@3.2.4/node_modules/@vitest/runner/dist/chunk-hooks.js:752:20"],"meta":{}},{"ancestorTitles":["Integration Tests"],"fullName":"Integration Tests should integrate simple plugins with performance optimizations","status":"failed","title":"should integrate simple plugins with performance optimizations","duration":0.4690419999999449,"failureMessages":["TypeError: simplePlugin.dependencies?.reduce is not a function\n    at Module.convertSimplePlugin (/Users/johnclever/Jay/projects/lorm/packages/@lorm/cli/src/plugins/types/simple.ts:314:46)\n    at /Users/johnclever/Jay/projects/lorm/packages/@lorm/cli/tests/plugins/simple-plugin.test.ts:493:24\n    at file:///Users/johnclever/Jay/projects/lorm/node_modules/.pnpm/@vitest+runner@3.2.4/node_modules/@vitest/runner/dist/chunk-hooks.js:155:11\n    at file:///Users/johnclever/Jay/projects/lorm/node_modules/.pnpm/@vitest+runner@3.2.4/node_modules/@vitest/runner/dist/chunk-hooks.js:752:26\n    at file:///Users/johnclever/Jay/projects/lorm/node_modules/.pnpm/@vitest+runner@3.2.4/node_modules/@vitest/runner/dist/chunk-hooks.js:1897:20\n    at new Promise (<anonymous>)\n    at runWithTimeout (file:///Users/johnclever/Jay/projects/lorm/node_modules/.pnpm/@vitest+runner@3.2.4/node_modules/@vitest/runner/dist/chunk-hooks.js:1863:10)\n    at runTest (file:///Users/johnclever/Jay/projects/lorm/node_modules/.pnpm/@vitest+runner@3.2.4/node_modules/@vitest/runner/dist/chunk-hooks.js:1574:12)\n    at runSuite (file:///Users/johnclever/Jay/projects/lorm/node_modules/.pnpm/@vitest+runner@3.2.4/node_modules/@vitest/runner/dist/chunk-hooks.js:1729:8)\n    at runSuite (file:///Users/johnclever/Jay/projects/lorm/node_modules/.pnpm/@vitest+runner@3.2.4/node_modules/@vitest/runner/dist/chunk-hooks.js:1729:8)"],"meta":{}},{"ancestorTitles":["Integration Tests"],"fullName":"Integration Tests should work with testing framework end-to-end","status":"failed","title":"should work with testing framework end-to-end","duration":1.2491250000000491,"failureMessages":["TypeError: (intermediate value).name is not a function\n    at /Users/johnclever/Jay/projects/lorm/packages/@lorm/cli/tests/plugins/simple-plugin.test.ts:508:8\n    at file:///Users/johnclever/Jay/projects/lorm/node_modules/.pnpm/@vitest+runner@3.2.4/node_modules/@vitest/runner/dist/chunk-hooks.js:155:11\n    at file:///Users/johnclever/Jay/projects/lorm/node_modules/.pnpm/@vitest+runner@3.2.4/node_modules/@vitest/runner/dist/chunk-hooks.js:752:26\n    at file:///Users/johnclever/Jay/projects/lorm/node_modules/.pnpm/@vitest+runner@3.2.4/node_modules/@vitest/runner/dist/chunk-hooks.js:1897:20\n    at new Promise (<anonymous>)\n    at runWithTimeout (file:///Users/johnclever/Jay/projects/lorm/node_modules/.pnpm/@vitest+runner@3.2.4/node_modules/@vitest/runner/dist/chunk-hooks.js:1863:10)\n    at runTest (file:///Users/johnclever/Jay/projects/lorm/node_modules/.pnpm/@vitest+runner@3.2.4/node_modules/@vitest/runner/dist/chunk-hooks.js:1574:12)\n    at runSuite (file:///Users/johnclever/Jay/projects/lorm/node_modules/.pnpm/@vitest+runner@3.2.4/node_modules/@vitest/runner/dist/chunk-hooks.js:1729:8)\n    at runSuite (file:///Users/johnclever/Jay/projects/lorm/node_modules/.pnpm/@vitest+runner@3.2.4/node_modules/@vitest/runner/dist/chunk-hooks.js:1729:8)\n    at runFiles (file:///Users/johnclever/Jay/projects/lorm/node_modules/.pnpm/@vitest+runner@3.2.4/node_modules/@vitest/runner/dist/chunk-hooks.js:1787:3)"],"meta":{}}],"startTime":1754336102969,"endTime":1754336102983.249,"status":"failed","message":"","name":"/Users/johnclever/Jay/projects/lorm/packages/@lorm/cli/tests/plugins/simple-plugin.test.ts"},{"assertionResults":[{"ancestorTitles":["CommandRegistry","register"],"fullName":"CommandRegistry register should register a command successfully","status":"passed","title":"should register a command successfully","duration":1.683416999999963,"failureMessages":[],"meta":{}},{"ancestorTitles":["CommandRegistry","register"],"fullName":"CommandRegistry register should register command with all properties","status":"passed","title":"should register command with all properties","duration":0.35320899999987887,"failureMessages":[],"meta":{}},{"ancestorTitles":["CommandRegistry","getCommand"],"fullName":"CommandRegistry getCommand should return registered command","status":"passed","title":"should return registered command","duration":0.29358300000012605,"failureMessages":[],"meta":{}},{"ancestorTitles":["CommandRegistry","getCommand"],"fullName":"CommandRegistry getCommand should return undefined for non-existent command","status":"passed","title":"should return undefined for non-existent command","duration":0.183667000000014,"failureMessages":[],"meta":{}},{"ancestorTitles":["CommandRegistry","getAllCommands"],"fullName":"CommandRegistry getAllCommands should return empty array when no commands registered","status":"passed","title":"should return empty array when no commands registered","duration":0.39387499999998,"failureMessages":[],"meta":{}},{"ancestorTitles":["CommandRegistry","getAllCommands"],"fullName":"CommandRegistry getAllCommands should return all registered commands","status":"passed","title":"should return all registered commands","duration":0.8537089999999807,"failureMessages":[],"meta":{}},{"ancestorTitles":["CommandRegistry","getCommandsByCategory"],"fullName":"CommandRegistry getCommandsByCategory should organize commands by category","status":"passed","title":"should organize commands by category","duration":0.4686659999999847,"failureMessages":[],"meta":{}},{"ancestorTitles":["CommandRegistry","getCommandsByCategory"],"fullName":"CommandRegistry getCommandsByCategory should default to utility category for commands without category","status":"passed","title":"should default to utility category for commands without category","duration":0.23491699999999582,"failureMessages":[],"meta":{}},{"ancestorTitles":["CommandRegistry","getCommandsMap"],"fullName":"CommandRegistry getCommandsMap should return a map of commands","status":"passed","title":"should return a map of commands","duration":1.4757079999999405,"failureMessages":[],"meta":{}},{"ancestorTitles":["CommandRegistry","applyToCAC"],"fullName":"CommandRegistry applyToCAC should apply commands to CAC instance","status":"passed","title":"should apply commands to CAC instance","duration":0.5853329999999914,"failureMessages":[],"meta":{}}],"startTime":1754336102926,"endTime":1754336102933.5854,"status":"passed","message":"","name":"/Users/johnclever/Jay/projects/lorm/packages/@lorm/cli/tests/unit/command-registry.test.ts"},{"assertionResults":[{"ancestorTitles":["Config Schema","valid configurations"],"fullName":"Config Schema valid configurations should validate minimal valid config","status":"passed","title":"should validate minimal valid config","duration":1.9466660000000502,"failureMessages":[],"meta":{}},{"ancestorTitles":["Config Schema","valid configurations"],"fullName":"Config Schema valid configurations should validate complete config","status":"failed","title":"should validate complete config","duration":5.566250000000082,"failureMessages":["AssertionError: expected [Function] to not throw an error but '[\\n  {\\n    \"expected\": \"object\",\\n  …' was thrown\n    at Proxy.<anonymous> (file:///Users/johnclever/Jay/projects/lorm/node_modules/.pnpm/@vitest+expect@3.2.4/node_modules/@vitest/expect/dist/index.js:1420:16)\n    at Proxy.<anonymous> (file:///Users/johnclever/Jay/projects/lorm/node_modules/.pnpm/@vitest+expect@3.2.4/node_modules/@vitest/expect/dist/index.js:1029:14)\n    at Proxy.methodWrapper (file:///Users/johnclever/Jay/projects/lorm/node_modules/.pnpm/chai@5.2.1/node_modules/chai/chai.js:1706:25)\n    at /Users/johnclever/Jay/projects/lorm/packages/@lorm/cli/tests/unit/config-schema.test.ts:88:56\n    at file:///Users/johnclever/Jay/projects/lorm/node_modules/.pnpm/@vitest+runner@3.2.4/node_modules/@vitest/runner/dist/chunk-hooks.js:155:11\n    at file:///Users/johnclever/Jay/projects/lorm/node_modules/.pnpm/@vitest+runner@3.2.4/node_modules/@vitest/runner/dist/chunk-hooks.js:752:26\n    at file:///Users/johnclever/Jay/projects/lorm/node_modules/.pnpm/@vitest+runner@3.2.4/node_modules/@vitest/runner/dist/chunk-hooks.js:1897:20\n    at new Promise (<anonymous>)\n    at runWithTimeout (file:///Users/johnclever/Jay/projects/lorm/node_modules/.pnpm/@vitest+runner@3.2.4/node_modules/@vitest/runner/dist/chunk-hooks.js:1863:10)\n    at runTest (file:///Users/johnclever/Jay/projects/lorm/node_modules/.pnpm/@vitest+runner@3.2.4/node_modules/@vitest/runner/dist/chunk-hooks.js:1574:12)"],"meta":{}},{"ancestorTitles":["Config Schema","valid configurations"],"fullName":"Config Schema valid configurations should validate config with different database providers","status":"passed","title":"should validate config with different database providers","duration":0.526540999999952,"failureMessages":[],"meta":{}},{"ancestorTitles":["Config Schema","invalid configurations"],"fullName":"Config Schema invalid configurations should reject config without database","status":"passed","title":"should reject config without database","duration":0.17666699999995217,"failureMessages":[],"meta":{}},{"ancestorTitles":["Config Schema","invalid configurations"],"fullName":"Config Schema invalid configurations should reject config with invalid database provider","status":"passed","title":"should reject config with invalid database provider","duration":0.29320800000004965,"failureMessages":[],"meta":{}},{"ancestorTitles":["Config Schema","invalid configurations"],"fullName":"Config Schema invalid configurations should reject config with invalid environment","status":"passed","title":"should reject config with invalid environment","duration":0.2139169999998103,"failureMessages":[],"meta":{}},{"ancestorTitles":["Config Schema","invalid configurations"],"fullName":"Config Schema invalid configurations should reject config with invalid plugin structure","status":"passed","title":"should reject config with invalid plugin structure","duration":0.2621249999999691,"failureMessages":[],"meta":{}},{"ancestorTitles":["Config Schema","invalid configurations"],"fullName":"Config Schema invalid configurations should reject config with invalid security settings","status":"passed","title":"should reject config with invalid security settings","duration":0.3042920000000322,"failureMessages":[],"meta":{}},{"ancestorTitles":["Config Schema","invalid configurations"],"fullName":"Config Schema invalid configurations should reject config with invalid performance settings","status":"failed","title":"should reject config with invalid performance settings","duration":0.4922910000000229,"failureMessages":["AssertionError: expected function to throw an error, but it didn't\n    at /Users/johnclever/Jay/projects/lorm/packages/@lorm/cli/tests/unit/config-schema.test.ts:197:52\n    at file:///Users/johnclever/Jay/projects/lorm/node_modules/.pnpm/@vitest+runner@3.2.4/node_modules/@vitest/runner/dist/chunk-hooks.js:155:11\n    at file:///Users/johnclever/Jay/projects/lorm/node_modules/.pnpm/@vitest+runner@3.2.4/node_modules/@vitest/runner/dist/chunk-hooks.js:752:26\n    at file:///Users/johnclever/Jay/projects/lorm/node_modules/.pnpm/@vitest+runner@3.2.4/node_modules/@vitest/runner/dist/chunk-hooks.js:1897:20\n    at new Promise (<anonymous>)\n    at runWithTimeout (file:///Users/johnclever/Jay/projects/lorm/node_modules/.pnpm/@vitest+runner@3.2.4/node_modules/@vitest/runner/dist/chunk-hooks.js:1863:10)\n    at runTest (file:///Users/johnclever/Jay/projects/lorm/node_modules/.pnpm/@vitest+runner@3.2.4/node_modules/@vitest/runner/dist/chunk-hooks.js:1574:12)\n    at runSuite (file:///Users/johnclever/Jay/projects/lorm/node_modules/.pnpm/@vitest+runner@3.2.4/node_modules/@vitest/runner/dist/chunk-hooks.js:1729:8)\n    at runSuite (file:///Users/johnclever/Jay/projects/lorm/node_modules/.pnpm/@vitest+runner@3.2.4/node_modules/@vitest/runner/dist/chunk-hooks.js:1729:8)\n    at runSuite (file:///Users/johnclever/Jay/projects/lorm/node_modules/.pnpm/@vitest+runner@3.2.4/node_modules/@vitest/runner/dist/chunk-hooks.js:1729:8)"],"meta":{}},{"ancestorTitles":["Config Schema","default values"],"fullName":"Config Schema default values should apply default values for optional fields","status":"passed","title":"should apply default values for optional fields","duration":0.17112500000007458,"failureMessages":[],"meta":{}},{"ancestorTitles":["Config Schema","default values"],"fullName":"Config Schema default values should preserve provided values over defaults","status":"passed","title":"should preserve provided values over defaults","duration":0.1729169999998703,"failureMessages":[],"meta":{}},{"ancestorTitles":["Config Schema","nested validation"],"fullName":"Config Schema nested validation should validate nested security configuration","status":"failed","title":"should validate nested security configuration","duration":0.4355830000001788,"failureMessages":["AssertionError: expected [Function] to not throw an error but '[\\n  {\\n    \"expected\": \"object\",\\n  …' was thrown\n    at Proxy.<anonymous> (file:///Users/johnclever/Jay/projects/lorm/node_modules/.pnpm/@vitest+expect@3.2.4/node_modules/@vitest/expect/dist/index.js:1420:16)\n    at Proxy.<anonymous> (file:///Users/johnclever/Jay/projects/lorm/node_modules/.pnpm/@vitest+expect@3.2.4/node_modules/@vitest/expect/dist/index.js:1029:14)\n    at Proxy.methodWrapper (file:///Users/johnclever/Jay/projects/lorm/node_modules/.pnpm/chai@5.2.1/node_modules/chai/chai.js:1706:25)\n    at /Users/johnclever/Jay/projects/lorm/packages/@lorm/cli/tests/unit/config-schema.test.ts:256:56\n    at file:///Users/johnclever/Jay/projects/lorm/node_modules/.pnpm/@vitest+runner@3.2.4/node_modules/@vitest/runner/dist/chunk-hooks.js:155:11\n    at file:///Users/johnclever/Jay/projects/lorm/node_modules/.pnpm/@vitest+runner@3.2.4/node_modules/@vitest/runner/dist/chunk-hooks.js:752:26\n    at file:///Users/johnclever/Jay/projects/lorm/node_modules/.pnpm/@vitest+runner@3.2.4/node_modules/@vitest/runner/dist/chunk-hooks.js:1897:20\n    at new Promise (<anonymous>)\n    at runWithTimeout (file:///Users/johnclever/Jay/projects/lorm/node_modules/.pnpm/@vitest+runner@3.2.4/node_modules/@vitest/runner/dist/chunk-hooks.js:1863:10)\n    at runTest (file:///Users/johnclever/Jay/projects/lorm/node_modules/.pnpm/@vitest+runner@3.2.4/node_modules/@vitest/runner/dist/chunk-hooks.js:1574:12)"],"meta":{}},{"ancestorTitles":["Config Schema","nested validation"],"fullName":"Config Schema nested validation should validate nested performance configuration","status":"passed","title":"should validate nested performance configuration","duration":0.1251249999997981,"failureMessages":[],"meta":{}},{"ancestorTitles":["Config Schema","nested validation"],"fullName":"Config Schema nested validation should validate nested development configuration","status":"passed","title":"should validate nested development configuration","duration":0.18062499999996362,"failureMessages":[],"meta":{}}],"startTime":1754336102949,"endTime":1754336102960.1807,"status":"failed","message":"","name":"/Users/johnclever/Jay/projects/lorm/packages/@lorm/cli/tests/unit/config-schema.test.ts"},{"assertionResults":[{"ancestorTitles":["CLI Utils","File System Operations"],"fullName":"CLI Utils File System Operations should check if file exists","status":"passed","title":"should check if file exists","duration":1.5768339999999625,"failureMessages":[],"meta":{}},{"ancestorTitles":["CLI Utils","File System Operations"],"fullName":"CLI Utils File System Operations should read file content","status":"passed","title":"should read file content","duration":0.24791700000002947,"failureMessages":[],"meta":{}},{"ancestorTitles":["CLI Utils","File System Operations"],"fullName":"CLI Utils File System Operations should write file content","status":"passed","title":"should write file content","duration":0.2131249999999909,"failureMessages":[],"meta":{}},{"ancestorTitles":["CLI Utils","File System Operations"],"fullName":"CLI Utils File System Operations should create directory","status":"passed","title":"should create directory","duration":0.3673750000000382,"failureMessages":[],"meta":{}},{"ancestorTitles":["CLI Utils","File System Operations"],"fullName":"CLI Utils File System Operations should handle file access errors","status":"passed","title":"should handle file access errors","duration":0.527582999999936,"failureMessages":[],"meta":{}},{"ancestorTitles":["CLI Utils","Path Operations"],"fullName":"CLI Utils Path Operations should join paths correctly","status":"passed","title":"should join paths correctly","duration":0.2374169999999367,"failureMessages":[],"meta":{}},{"ancestorTitles":["CLI Utils","Path Operations"],"fullName":"CLI Utils Path Operations should resolve absolute paths","status":"passed","title":"should resolve absolute paths","duration":0.15295900000000984,"failureMessages":[],"meta":{}},{"ancestorTitles":["CLI Utils","Path Operations"],"fullName":"CLI Utils Path Operations should get file extension","status":"passed","title":"should get file extension","duration":0.17941700000005767,"failureMessages":[],"meta":{}},{"ancestorTitles":["CLI Utils","Path Operations"],"fullName":"CLI Utils Path Operations should get directory name","status":"passed","title":"should get directory name","duration":0.24520899999993162,"failureMessages":[],"meta":{}},{"ancestorTitles":["CLI Utils","Path Operations"],"fullName":"CLI Utils Path Operations should get base name","status":"passed","title":"should get base name","duration":0.2340000000000373,"failureMessages":[],"meta":{}},{"ancestorTitles":["CLI Utils","OS Operations"],"fullName":"CLI Utils OS Operations should get home directory","status":"passed","title":"should get home directory","duration":0.15212500000006912,"failureMessages":[],"meta":{}},{"ancestorTitles":["CLI Utils","OS Operations"],"fullName":"CLI Utils OS Operations should get temporary directory","status":"passed","title":"should get temporary directory","duration":0.21516699999995126,"failureMessages":[],"meta":{}},{"ancestorTitles":["CLI Utils","OS Operations"],"fullName":"CLI Utils OS Operations should get platform information","status":"passed","title":"should get platform information","duration":0.11791599999992286,"failureMessages":[],"meta":{}},{"ancestorTitles":["CLI Utils","OS Operations"],"fullName":"CLI Utils OS Operations should get CPU architecture","status":"passed","title":"should get CPU architecture","duration":0.11820899999997891,"failureMessages":[],"meta":{}},{"ancestorTitles":["CLI Utils","Error Handling"],"fullName":"CLI Utils Error Handling should handle file not found errors","status":"passed","title":"should handle file not found errors","duration":0.7451249999999163,"failureMessages":[],"meta":{}},{"ancestorTitles":["CLI Utils","Error Handling"],"fullName":"CLI Utils Error Handling should handle permission errors","status":"passed","title":"should handle permission errors","duration":0.18754200000000765,"failureMessages":[],"meta":{}},{"ancestorTitles":["CLI Utils","Error Handling"],"fullName":"CLI Utils Error Handling should handle invalid path errors","status":"passed","title":"should handle invalid path errors","duration":0.1387920000000804,"failureMessages":[],"meta":{}},{"ancestorTitles":["CLI Utils","Async Operations"],"fullName":"CLI Utils Async Operations should handle concurrent file operations","status":"passed","title":"should handle concurrent file operations","duration":0.304958000000056,"failureMessages":[],"meta":{}},{"ancestorTitles":["CLI Utils","Async Operations"],"fullName":"CLI Utils Async Operations should handle mixed success and failure operations","status":"passed","title":"should handle mixed success and failure operations","duration":0.5347920000000386,"failureMessages":[],"meta":{}},{"ancestorTitles":["CLI Utils","Performance"],"fullName":"CLI Utils Performance should verify fs mock is working","status":"passed","title":"should verify fs mock is working","duration":0.24245800000005602,"failureMessages":[],"meta":{}},{"ancestorTitles":["CLI Utils","Performance"],"fullName":"CLI Utils Performance should handle large file operations efficiently","status":"passed","title":"should handle large file operations efficiently","duration":0.19929100000001654,"failureMessages":[],"meta":{}},{"ancestorTitles":["CLI Utils","Performance"],"fullName":"CLI Utils Performance should handle multiple small file operations","status":"passed","title":"should handle multiple small file operations","duration":0.19737500000007913,"failureMessages":[],"meta":{}}],"startTime":1754336102745,"endTime":1754336102753.1992,"status":"passed","message":"","name":"/Users/johnclever/Jay/projects/lorm/packages/@lorm/cli/tests/unit/utils.test.ts"}]}