{"numTotalTestSuites":2,"numPassedTestSuites":2,"numFailedTestSuites":0,"numPendingTestSuites":0,"numTotalTests":5,"numPassedTests":5,"numFailedTests":0,"numPendingTests":0,"numTodoTests":0,"snapshot":{"added":0,"failure":false,"filesAdded":0,"filesRemoved":0,"filesRemovedList":[],"filesUnmatched":0,"filesUpdated":0,"matched":0,"total":0,"unchecked":0,"uncheckedKeysByFile":[],"unmatched":0,"updated":0,"didUpdate":false},"startTime":1753962036223,"success":true,"testResults":[{"assertionResults":[{"ancestorTitles":["Plugin Architecture Improvements"],"fullName":"Plugin Architecture Improvements should have basic test infrastructure working","status":"passed","title":"should have basic test infrastructure working","duration":0.8500839999999812,"failureMessages":[],"meta":{}},{"ancestorTitles":["Plugin Architecture Improvements"],"fullName":"Plugin Architecture Improvements should be able to create simple plugin objects","status":"passed","title":"should be able to create simple plugin objects","duration":0.1822080000000028,"failureMessages":[],"meta":{}},{"ancestorTitles":["Plugin Architecture Improvements"],"fullName":"Plugin Architecture Improvements should support plugin commands structure","status":"passed","title":"should support plugin commands structure","duration":0.44174999999998477,"failureMessages":[],"meta":{}},{"ancestorTitles":["Plugin Architecture Improvements"],"fullName":"Plugin Architecture Improvements should support plugin hooks structure","status":"passed","title":"should support plugin hooks structure","duration":0.1807500000000175,"failureMessages":[],"meta":{}},{"ancestorTitles":["Plugin Architecture Improvements"],"fullName":"Plugin Architecture Improvements should support lifecycle methods","status":"passed","title":"should support lifecycle methods","duration":0.12641600000000608,"failureMessages":[],"meta":{}}],"startTime":1753962036324,"endTime":1753962036326.1807,"status":"passed","message":"","name":"/Users/johnclever/Jay/projects/lorm/packages/@lorm/cli/tests/plugins/basic-test.test.ts"}]}